<?xml version="1.0" encoding="UTF-8"?>
<testsuite xmlns:xsi="http://www.w3.org/2001/XMLSchema-instance" xsi:noNamespaceSchemaLocation="https://maven.apache.org/surefire/maven-surefire-plugin/xsd/surefire-test-report-3.0.xsd" version="3.0" name="com.sharda.HotelService.HotelServiceApplicationTests" time="5.36" tests="1" errors="0" skipped="0" failures="0">
  <properties>
[...]
</properties>
  <testcase name="contextLoads" classname="com.sharda.HotelService.HotelServiceApplicationTests" time="0.414">
    <system-out><![CDATA[00:52:13.424 [main] INFO org.springframework.test.context.support.AnnotationConfigContextLoaderUtils -- Could not detect default configuration classes for test class [com.sharda.HotelService.HotelServiceApplicationTests]: HotelServiceApplicationTests does not declare any static, non-private, non-final, nested classes annotated with @Configuration.
00:52:13.487 [main] INFO org.springframework.boot.test.context.SpringBootTestContextBootstrapper -- Found @SpringBootConfiguration com.sharda.HotelService.HotelServiceApplication for test class com.sharda.HotelService.HotelServiceApplicationTests

  .   ____          _            __ _ _
 /\\ / ___'_ __ _ _(_)_ __  __ _ \ \ \ \
( ( )\___ | '_ | '_| | '_ \/ _` | \ \ \ \
 \\/  ___)| |_)| | | | | || (_| |  ) ) ) )
  '  |____| .__|_| |_|_| |_\__, | / / / /
 =========|_|==============|___/=/_/_/_/
 :: Spring Boot ::                (v3.2.1)

2024-04-06T00:52:13.802+05:30  INFO 351003 --- [Hotel-Service] [           main] c.s.H.HotelServiceApplicationTests       : Starting HotelServiceApplicationTests using Java 18.0.2.1 with PID 351003 (started by sharda in /home/sharda/Documents/PersonalProject/HotelService)
2024-04-06T00:52:13.803+05:30  INFO 351003 --- [Hotel-Service] [           main] c.s.H.HotelServiceApplicationTests       : No active profile set, falling back to 1 default profile: "default"
2024-04-06T00:52:14.251+05:30  INFO 351003 --- [Hotel-Service] [           main] .s.d.r.c.RepositoryConfigurationDelegate : Bootstrapping Spring Data JPA repositories in DEFAULT mode.
2024-04-06T00:52:14.338+05:30  INFO 351003 --- [Hotel-Service] [           main] .s.d.r.c.RepositoryConfigurationDelegate : Finished Spring Data repository scanning in 82 ms. Found 1 JPA repository interface.
2024-04-06T00:52:14.486+05:30  INFO 351003 --- [Hotel-Service] [           main] o.s.cloud.context.scope.GenericScope     : BeanFactory id=a53e085f-8fd5-36b0-b131-14e66511f6a6
2024-04-06T00:52:14.603+05:30  WARN 351003 --- [Hotel-Service] [           main] trationDelegate$BeanPostProcessorChecker : Bean 'org.springframework.cloud.client.loadbalancer.LoadBalancerAutoConfiguration$LoadBalancerInterceptorConfig' of type [org.springframework.cloud.client.loadbalancer.LoadBalancerAutoConfiguration$LoadBalancerInterceptorConfig] is not eligible for getting processed by all BeanPostProcessors (for example: not eligible for auto-proxying). The currently created BeanPostProcessor [lbRestClientPostProcessor] is declared through a non-static factory method on that class; consider declaring it as static instead.
2024-04-06T00:52:14.605+05:30  WARN 351003 --- [Hotel-Service] [           main] trationDelegate$BeanPostProcessorChecker : Bean 'org.springframework.cloud.loadbalancer.config.BlockingLoadBalancerClientAutoConfiguration' of type [org.springframework.cloud.loadbalancer.config.BlockingLoadBalancerClientAutoConfiguration] is not eligible for getting processed by all BeanPostProcessors (for example: not eligible for auto-proxying). Is this bean getting eagerly injected into a currently created BeanPostProcessor [lbRestClientPostProcessor]? Check the corresponding BeanPostProcessor declaration and its dependencies.
2024-04-06T00:52:14.606+05:30  WARN 351003 --- [Hotel-Service] [           main] trationDelegate$BeanPostProcessorChecker : Bean 'org.springframework.cloud.loadbalancer.config.LoadBalancerAutoConfiguration' of type [org.springframework.cloud.loadbalancer.config.LoadBalancerAutoConfiguration] is not eligible for getting processed by all BeanPostProcessors (for example: not eligible for auto-proxying). Is this bean getting eagerly injected into a currently created BeanPostProcessor [lbRestClientPostProcessor]? Check the corresponding BeanPostProcessor declaration and its dependencies.
2024-04-06T00:52:14.612+05:30  WARN 351003 --- [Hotel-Service] [           main] trationDelegate$BeanPostProcessorChecker : Bean 'org.springframework.cloud.commons.config.CommonsConfigAutoConfiguration' of type [org.springframework.cloud.commons.config.CommonsConfigAutoConfiguration] is not eligible for getting processed by all BeanPostProcessors (for example: not eligible for auto-proxying). Is this bean getting eagerly injected into a currently created BeanPostProcessor [lbRestClientPostProcessor]? Check the corresponding BeanPostProcessor declaration and its dependencies.
2024-04-06T00:52:14.614+05:30  WARN 351003 --- [Hotel-Service] [           main] trationDelegate$BeanPostProcessorChecker : Bean 'org.springframework.cloud.client.loadbalancer.LoadBalancerDefaultMappingsProviderAutoConfiguration' of type [org.springframework.cloud.client.loadbalancer.LoadBalancerDefaultMappingsProviderAutoConfiguration] is not eligible for getting processed by all BeanPostProcessors (for example: not eligible for auto-proxying). Is this bean getting eagerly injected into a currently created BeanPostProcessor [lbRestClientPostProcessor]? Check the corresponding BeanPostProcessor declaration and its dependencies.
2024-04-06T00:52:14.614+05:30  WARN 351003 --- [Hotel-Service] [           main] trationDelegate$BeanPostProcessorChecker : Bean 'loadBalancerClientsDefaultsMappingsProvider' of type [org.springframework.cloud.client.loadbalancer.LoadBalancerDefaultMappingsProviderAutoConfiguration$$Lambda$950/0x0000000801015e50] is not eligible for getting processed by all BeanPostProcessors (for example: not eligible for auto-proxying). Is this bean getting eagerly injected into a currently created BeanPostProcessor [lbRestClientPostProcessor]? Check the corresponding BeanPostProcessor declaration and its dependencies.
2024-04-06T00:52:14.616+05:30  WARN 351003 --- [Hotel-Service] [           main] trationDelegate$BeanPostProcessorChecker : Bean 'defaultsBindHandlerAdvisor' of type [org.springframework.cloud.commons.config.DefaultsBindHandlerAdvisor] is not eligible for getting processed by all BeanPostProcessors (for example: not eligible for auto-proxying). Is this bean getting eagerly injected into a currently created BeanPostProcessor [lbRestClientPostProcessor]? Check the corresponding BeanPostProcessor declaration and its dependencies.
2024-04-06T00:52:14.623+05:30  WARN 351003 --- [Hotel-Service] [           main] trationDelegate$BeanPostProcessorChecker : Bean 'spring.cloud.loadbalancer-org.springframework.cloud.client.loadbalancer.LoadBalancerClientsProperties' of type [org.springframework.cloud.client.loadbalancer.LoadBalancerClientsProperties] is not eligible for getting processed by all BeanPostProcessors (for example: not eligible for auto-proxying). Is this bean getting eagerly injected into a currently created BeanPostProcessor [lbRestClientPostProcessor]? Check the corresponding BeanPostProcessor declaration and its dependencies.
2024-04-06T00:52:14.629+05:30  WARN 351003 --- [Hotel-Service] [           main] trationDelegate$BeanPostProcessorChecker : Bean 'default.org.springframework.cloud.loadbalancer.config.LoadBalancerAutoConfiguration.LoadBalancerClientSpecification' of type [org.springframework.cloud.loadbalancer.annotation.LoadBalancerClientSpecification] is not eligible for getting processed by all BeanPostProcessors (for example: not eligible for auto-proxying). Is this bean getting eagerly injected into a currently created BeanPostProcessor [lbRestClientPostProcessor]? Check the corresponding BeanPostProcessor declaration and its dependencies.
2024-04-06T00:52:14.631+05:30  WARN 351003 --- [Hotel-Service] [           main] trationDelegate$BeanPostProcessorChecker : Bean 'default.org.springframework.cloud.loadbalancer.config.BlockingLoadBalancerClientAutoConfiguration.LoadBalancerClientSpecification' of type [org.springframework.cloud.loadbalancer.annotation.LoadBalancerClientSpecification] is not eligible for getting processed by all BeanPostProcessors (for example: not eligible for auto-proxying). Is this bean getting eagerly injected into a currently created BeanPostProcessor [lbRestClientPostProcessor]? Check the corresponding BeanPostProcessor declaration and its dependencies.
2024-04-06T00:52:14.631+05:30  WARN 351003 --- [Hotel-Service] [           main] trationDelegate$BeanPostProcessorChecker : Bean 'default.org.springframework.cloud.netflix.eureka.loadbalancer.LoadBalancerEurekaAutoConfiguration.LoadBalancerClientSpecification' of type [org.springframework.cloud.loadbalancer.annotation.LoadBalancerClientSpecification] is not eligible for getting processed by all BeanPostProcessors (for example: not eligible for auto-proxying). Is this bean getting eagerly injected into a currently created BeanPostProcessor [lbRestClientPostProcessor]? Check the corresponding BeanPostProcessor declaration and its dependencies.
2024-04-06T00:52:14.633+05:30  WARN 351003 --- [Hotel-Service] [           main] trationDelegate$BeanPostProcessorChecker : Bean 'loadBalancerClientFactory' of type [org.springframework.cloud.loadbalancer.support.LoadBalancerClientFactory] is not eligible for getting processed by all BeanPostProcessors (for example: not eligible for auto-proxying). Is this bean getting eagerly injected into a currently created BeanPostProcessor [lbRestClientPostProcessor]? Check the corresponding BeanPostProcessor declaration and its dependencies.
2024-04-06T00:52:14.636+05:30  WARN 351003 --- [Hotel-Service] [           main] trationDelegate$BeanPostProcessorChecker : Bean 'blockingLoadBalancerClient' of type [org.springframework.cloud.loadbalancer.blocking.client.BlockingLoadBalancerClient] is not eligible for getting processed by all BeanPostProcessors (for example: not eligible for auto-proxying). Is this bean getting eagerly injected into a currently created BeanPostProcessor [lbRestClientPostProcessor]? Check the corresponding BeanPostProcessor declaration and its dependencies.
2024-04-06T00:52:14.641+05:30  WARN 351003 --- [Hotel-Service] [           main] trationDelegate$BeanPostProcessorChecker : Bean 'loadBalancerServiceInstanceCookieTransformer' of type [org.springframework.cloud.loadbalancer.core.LoadBalancerServiceInstanceCookieTransformer] is not eligible for getting processed by all BeanPostProcessors (for example: not eligible for auto-proxying). Is this bean getting eagerly injected into a currently created BeanPostProcessor [lbRestClientPostProcessor]? Check the corresponding BeanPostProcessor declaration and its dependencies.
2024-04-06T00:52:14.643+05:30  WARN 351003 --- [Hotel-Service] [           main] trationDelegate$BeanPostProcessorChecker : Bean 'xForwarderHeadersTransformer' of type [org.springframework.cloud.loadbalancer.blocking.XForwardedHeadersTransformer] is not eligible for getting processed by all BeanPostProcessors (for example: not eligible for auto-proxying). Is this bean getting eagerly injected into a currently created BeanPostProcessor [lbRestClientPostProcessor]? Check the corresponding BeanPostProcessor declaration and its dependencies.
2024-04-06T00:52:14.644+05:30  WARN 351003 --- [Hotel-Service] [           main] trationDelegate$BeanPostProcessorChecker : Bean 'org.springframework.cloud.client.loadbalancer.LoadBalancerAutoConfiguration' of type [org.springframework.cloud.client.loadbalancer.LoadBalancerAutoConfiguration] is not eligible for getting processed by all BeanPostProcessors (for example: not eligible for auto-proxying). Is this bean getting eagerly injected into a currently created BeanPostProcessor [lbRestClientPostProcessor]? Check the corresponding BeanPostProcessor declaration and its dependencies.
2024-04-06T00:52:14.645+05:30  WARN 351003 --- [Hotel-Service] [           main] trationDelegate$BeanPostProcessorChecker : Bean 'loadBalancerRequestFactory' of type [org.springframework.cloud.client.loadbalancer.LoadBalancerRequestFactory] is not eligible for getting processed by all BeanPostProcessors (for example: not eligible for auto-proxying). Is this bean getting eagerly injected into a currently created BeanPostProcessor [lbRestClientPostProcessor]? Check the corresponding BeanPostProcessor declaration and its dependencies.
2024-04-06T00:52:14.646+05:30  WARN 351003 --- [Hotel-Service] [           main] trationDelegate$BeanPostProcessorChecker : Bean 'loadBalancerInterceptor' of type [org.springframework.cloud.client.loadbalancer.LoadBalancerInterceptor] is not eligible for getting processed by all BeanPostProcessors (for example: not eligible for auto-proxying). Is this bean getting eagerly injected into a currently created BeanPostProcessor [lbRestClientPostProcessor]? Check the corresponding BeanPostProcessor declaration and its dependencies.
2024-04-06T00:52:14.748+05:30  INFO 351003 --- [Hotel-Service] [           main] o.hibernate.jpa.internal.util.LogHelper  : HHH000204: Processing PersistenceUnitInfo [name: default]
2024-04-06T00:52:14.777+05:30  INFO 351003 --- [Hotel-Service] [           main] org.hibernate.Version                    : HHH000412: Hibernate ORM core version 6.4.1.Final
2024-04-06T00:52:14.794+05:30  INFO 351003 --- [Hotel-Service] [           main] o.h.c.internal.RegionFactoryInitiator    : HHH000026: Second-level cache disabled
2024-04-06T00:52:15.002+05:30  INFO 351003 --- [Hotel-Service] [           main] o.s.o.j.p.SpringPersistenceUnitInfo      : No LoadTimeWeaver setup: ignoring JPA class transformer
2024-04-06T00:52:15.028+05:30  INFO 351003 --- [Hotel-Service] [           main] com.zaxxer.hikari.HikariDataSource       : HikariPool-1 - Starting...
2024-04-06T00:52:15.939+05:30  INFO 351003 --- [Hotel-Service] [           main] com.zaxxer.hikari.pool.HikariPool        : HikariPool-1 - Added connection org.postgresql.jdbc.PgConnection@14dbfdb1
2024-04-06T00:52:15.940+05:30  INFO 351003 --- [Hotel-Service] [           main] com.zaxxer.hikari.HikariDataSource       : HikariPool-1 - Start completed.
2024-04-06T00:52:16.741+05:30  INFO 351003 --- [Hotel-Service] [           main] o.h.e.t.j.p.i.JtaPlatformInitiator       : HHH000489: No JTA platform available (set 'hibernate.transaction.jta.platform' to enable JTA platform integration)
2024-04-06T00:52:16.956+05:30  INFO 351003 --- [Hotel-Service] [           main] j.LocalContainerEntityManagerFactoryBean : Initialized JPA EntityManagerFactory for persistence unit 'default'
2024-04-06T00:52:17.203+05:30  WARN 351003 --- [Hotel-Service] [           main] JpaBaseConfiguration$JpaWebConfiguration : spring.jpa.open-in-view is enabled by default. Therefore, database queries may be performed during view rendering. Explicitly configure spring.jpa.open-in-view to disable this warning
2024-04-06T00:52:17.519+05:30  INFO 351003 --- [Hotel-Service] [           main] DiscoveryClientOptionalArgsConfiguration : Eureka HTTP Client uses RestTemplate.
2024-04-06T00:52:17.561+05:30  WARN 351003 --- [Hotel-Service] [           main] iguration$LoadBalancerCaffeineWarnLogger : Spring Cloud LoadBalancer is currently working with the default cache. While this cache implementation is useful for development and tests, it's recommended to use Caffeine cache in production.You can switch to using Caffeine cache, by adding it and org.springframework.cache.caffeine.CaffeineCacheManager to the classpath.
2024-04-06T00:52:17.573+05:30  INFO 351003 --- [Hotel-Service] [           main] o.s.c.n.eureka.InstanceInfoFactory       : Setting initial instance status as: STARTING
2024-04-06T00:52:17.625+05:30  INFO 351003 --- [Hotel-Service] [           main] com.netflix.discovery.DiscoveryClient    : Initializing Eureka in region us-east-1
2024-04-06T00:52:17.627+05:30  INFO 351003 --- [Hotel-Service] [           main] c.n.d.s.r.aws.ConfigClusterResolver      : Resolving eureka endpoints via configuration
2024-04-06T00:52:17.639+05:30  INFO 351003 --- [Hotel-Service] [           main] com.netflix.discovery.DiscoveryClient    : Disable delta property : false
2024-04-06T00:52:17.640+05:30  INFO 351003 --- [Hotel-Service] [           main] com.netflix.discovery.DiscoveryClient    : Single vip registry refresh property : null
2024-04-06T00:52:17.640+05:30  INFO 351003 --- [Hotel-Service] [           main] com.netflix.discovery.DiscoveryClient    : Force full registry fetch : false
2024-04-06T00:52:17.640+05:30  INFO 351003 --- [Hotel-Service] [           main] com.netflix.discovery.DiscoveryClient    : Application is null : false
2024-04-06T00:52:17.640+05:30  INFO 351003 --- [Hotel-Service] [           main] com.netflix.discovery.DiscoveryClient    : Registered Applications size is zero : true
2024-04-06T00:52:17.640+05:30  INFO 351003 --- [Hotel-Service] [           main] com.netflix.discovery.DiscoveryClient    : Application version is -1: true
2024-04-06T00:52:17.640+05:30  INFO 351003 --- [Hotel-Service] [           main] com.netflix.discovery.DiscoveryClient    : Getting all instance registry info from the eureka server
2024-04-06T00:52:18.218+05:30  INFO 351003 --- [Hotel-Service] [           main] com.netflix.discovery.DiscoveryClient    : The response status is 200
2024-04-06T00:52:18.219+05:30  INFO 351003 --- [Hotel-Service] [           main] com.netflix.discovery.DiscoveryClient    : Starting heartbeat executor: renew interval is: 30
2024-04-06T00:52:18.220+05:30  INFO 351003 --- [Hotel-Service] [           main] c.n.discovery.InstanceInfoReplicator     : InstanceInfoReplicator onDemand update allowed rate per min is 4
2024-04-06T00:52:18.224+05:30  INFO 351003 --- [Hotel-Service] [           main] com.netflix.discovery.DiscoveryClient    : Discovery Client initialized at timestamp 1712344938223 with initial instances count: 0
2024-04-06T00:52:18.226+05:30  INFO 351003 --- [Hotel-Service] [           main] o.s.c.n.e.s.EurekaServiceRegistry        : Registering application HOTEL-SERVICE with eureka with status UP
2024-04-06T00:52:18.227+05:30  INFO 351003 --- [Hotel-Service] [           main] com.netflix.discovery.DiscoveryClient    : Saw local status change event StatusChangeEvent [timestamp=1712344938227, current=UP, previous=STARTING]
2024-04-06T00:52:18.228+05:30  INFO 351003 --- [Hotel-Service] [nfoReplicator-0] com.netflix.discovery.DiscoveryClient    : DiscoveryClient_HOTEL-SERVICE/192.168.1.16:Hotel-Service:8081: registering service...
2024-04-06T00:52:18.237+05:30  INFO 351003 --- [Hotel-Service] [           main] c.s.H.HotelServiceApplicationTests       : Started HotelServiceApplicationTests in 4.651 seconds (process running for 5.347)
]]></system-out>
  </testcase>
</testsuite>